<?xml version="1.0" encoding="UTF-8"?>
<!-- Generated by org.testng.reporters.JUnitReportReporter -->
<testsuite hostname="DESKTOP-D1JP042" failures="0" tests="4" name="com.automation.framworks.practise.TestCases.RegisterTest" time="81.104" errors="0" timestamp="2023-10-24T20:33:32 EDT" skipped="0">
  <testcase classname="com.automation.framworks.practise.TestCases.RegisterTest" name="verifyRegisterWithMandatoryDetails" time="23.572"/>
  <testcase classname="com.automation.framworks.practise.TestCases.RegisterTest" name="verifyRegisterWithAllDetails" time="20.950"/>
  <testcase classname="com.automation.framworks.practise.TestCases.RegisterTest" name="verifyRegisterWithExistingEmail" time="17.857"/>
  <testcase classname="com.automation.framworks.practise.TestCases.RegisterTest" name="verifyRegisterWithNoDetails" time="18.725"/>
</testsuite> <!-- com.automation.framworks.practise.TestCases.RegisterTest -->
