<?xml version="1.0" encoding="UTF-8"?>
<!-- Generated by org.testng.reporters.JUnitReportReporter -->
<testsuite hostname="DESKTOP-D1JP042" failures="0" tests="11" name="com.automation.framworks.practise.TestCases.LoginTest" time="181.746" errors="0" timestamp="2023-10-24T20:33:32 EDT" skipped="0">
  <testcase classname="com.automation.framworks.practise.TestCases.LoginTest" name="verifyLoginWithValidLoginCredentials" time="15.935"/>
  <testcase classname="com.automation.framworks.practise.TestCases.LoginTest" name="verifyLoginWithValidLoginCredentials" time="15.589"/>
  <testcase classname="com.automation.framworks.practise.TestCases.LoginTest" name="verifyLoginWithValidLoginCredentials" time="16.860"/>
  <testcase classname="com.automation.framworks.practise.TestCases.LoginTest" name="verifyLoginWithValidLoginCredentials" time="15.828"/>
  <testcase classname="com.automation.framworks.practise.TestCases.LoginTest" name="verifyLoginWithValidLoginCredentials" time="15.565"/>
  <testcase classname="com.automation.framworks.practise.TestCases.LoginTest" name="verifyLoginWithValidLoginCredentials" time="18.362"/>
  <testcase classname="com.automation.framworks.practise.TestCases.LoginTest" name="verifyLoginWithValidLoginCredentials" time="17.015"/>
  <testcase classname="com.automation.framworks.practise.TestCases.LoginTest" name="verifyLoginWithValidEmailInvalidPassword" time="16.466"/>
  <testcase classname="com.automation.framworks.practise.TestCases.LoginTest" name="verifyLoginWithInvalidEmailValidPassword" time="14.732"/>
  <testcase classname="com.automation.framworks.practise.TestCases.LoginTest" name="verifyLoginWithInvalidCredentials" time="18.078"/>
  <testcase classname="com.automation.framworks.practise.TestCases.LoginTest" name="verifyLoginWithNoCredentials" time="17.316"/>
</testsuite> <!-- com.automation.framworks.practise.TestCases.LoginTest -->
